[2026-06-06 08:56:58.842] [Thread:thread-1] [Step:step-A] [TOOL_EXECUTION_START]
Tool: write_db
Args: {}
--------------------------------------------------------------------------------
[2026-06-06 08:56:58.851] [Thread:thread-1] [Step:step-A] [TOOL_EXECUTION_RESULT]
[2026-06-06 08:56:58.927] [Thread:thread-1] [Step:step-1] [TOOL_EXECUTION_START]
Tool: write_database
Args: {}
--------------------------------------------------------------------------------
[2026-06-06 08:56:58.928] [Thread:thread-1] [Step:step-1] [TOOL_EXECUTION_RESULT]
[2026-06-06 08:57:43.356] [Thread:thread-1] [Step:step-A] [TOOL_EXECUTION_START]
Tool: write_db
Args: {}
--------------------------------------------------------------------------------
[2026-06-06 08:57:43.360] [Thread:thread-1] [Step:step-A] [TOOL_EXECUTION_RESULT]
[2026-06-06 08:57:43.413] [Thread:thread-1] [Step:step-1] [TOOL_EXECUTION_START]
Tool: write_database
Args: {}
--------------------------------------------------------------------------------
[2026-06-06 08:57:43.415] [Thread:thread-1] [Step:step-1] [TOOL_EXECUTION_RESULT]
